<?xml version="1.0" encoding="UTF-8"?>
<!-- Generated by org.testng.reporters.JUnitReportReporter -->
<testsuite name="webTests.promotionCreationTests.transactionLevelDisscountTests.PercentageDiscountOnTransactionTests" tests="2" time="43.854" ignored="0" failures="0" timestamp="02 May 2017 10:07:22 GMT" skipped="0" hostname="User-PC" errors="0">
  <testcase name="createPromotionForTransactionLevel" time="29.652" classname="webTests.promotionCreationTests.transactionLevelDisscountTests.PercentageDiscountOnTransactionTests"/>
  <testcase name="dealCreationForTransactionLevelDiscount" time="14.202" classname="webTests.promotionCreationTests.transactionLevelDisscountTests.PercentageDiscountOnTransactionTests"/>
</testsuite> <!-- webTests.promotionCreationTests.transactionLevelDisscountTests.PercentageDiscountOnTransactionTests -->
