<?xml version="1.0" encoding="UTF-8"?>
<!-- Generated by org.testng.reporters.JUnitReportReporter -->
<testsuite name="webTests.cardCreationTests.CardCreationTest" tests="1" time="10.201" ignored="0" failures="0" timestamp="27 Apr 2017 06:12:01 GMT" skipped="0" hostname="User-PC" errors="0">
  <testcase name="loginpage" time="10.201" classname="webTests.cardCreationTests.CardCreationTest"/>
</testsuite> <!-- webTests.cardCreationTests.CardCreationTest -->
