<?xml version="1.0" encoding="UTF-8"?>
<!-- Generated by org.testng.reporters.JUnitReportReporter -->
<testsuite name="webTests.LoginTest" tests="1" time="8.165" ignored="0" failures="0" timestamp="25 Apr 2017 05:35:27 GMT" skipped="0" hostname="User-PC" errors="0">
  <testcase name="loginpage" time="8.165" classname="webTests.LoginTest"/>
</testsuite> <!-- webTests.LoginTest -->
