<?xml version="1.0" encoding="UTF-8"?>
<!-- Generated by org.testng.reporters.JUnitReportReporter -->
<testsuite name="webTests.promotionCreationTests.quantityPriceBasedDiscountTests.FixedQuantityPriceTests" tests="2" time="46.594" ignored="0" failures="0" timestamp="02 May 2017 11:48:13 GMT" skipped="0" hostname="User-PC" errors="0">
  <testcase name="createPromotionForTransactionLevel" time="28.668" classname="webTests.promotionCreationTests.quantityPriceBasedDiscountTests.FixedQuantityPriceTests"/>
  <testcase name="dealCreationForTransactionLevelDiscount" time="17.926" classname="webTests.promotionCreationTests.quantityPriceBasedDiscountTests.FixedQuantityPriceTests"/>
</testsuite> <!-- webTests.promotionCreationTests.quantityPriceBasedDiscountTests.FixedQuantityPriceTests -->
