<?xml version="1.0" encoding="UTF-8"?>
<!-- Generated by org.testng.reporters.JUnitReportReporter -->
<testsuite name="webTests.promotionCreationTests.itemLevelDisscountTests.ItemLevelFlatDiscountOnSpecificLocationTest" tests="2" time="36.298" ignored="0" failures="0" timestamp="28 Apr 2017 12:38:58 GMT" skipped="0" hostname="User-PC" errors="0">
  <testcase name="createPromotion" time="23.985" classname="webTests.promotionCreationTests.itemLevelDisscountTests.ItemLevelFlatDiscountOnSpecificLocationTest"/>
  <testcase name="dealCreationForItemLevelDiscount" time="12.313" classname="webTests.promotionCreationTests.itemLevelDisscountTests.ItemLevelFlatDiscountOnSpecificLocationTest"/>
</testsuite> <!-- webTests.promotionCreationTests.itemLevelDisscountTests.ItemLevelFlatDiscountOnSpecificLocationTest -->
