<?xml version="1.0" encoding="UTF-8"?>
<!-- Generated by org.testng.reporters.JUnitReportReporter -->
<testsuite name="webTests.promotionCreationTests.transactionLevelDisscountTests.TransactionDiscountBasedOntImePeriodTests" tests="2" time="50.044" ignored="0" failures="0" timestamp="02 May 2017 11:05:39 GMT" skipped="0" hostname="User-PC" errors="0">
  <testcase name="createPromotionForTransactionLevel" time="29.341" classname="webTests.promotionCreationTests.transactionLevelDisscountTests.TransactionDiscountBasedOntImePeriodTests"/>
  <testcase name="dealCreationForTransactionLevelDiscount" time="20.703" classname="webTests.promotionCreationTests.transactionLevelDisscountTests.TransactionDiscountBasedOntImePeriodTests"/>
</testsuite> <!-- webTests.promotionCreationTests.transactionLevelDisscountTests.TransactionDiscountBasedOntImePeriodTests -->
