<?xml version="1.0" encoding="UTF-8"?>
<!-- Generated by org.testng.reporters.JUnitReportReporter -->
<testsuite name="webTests.promotionCreationTests.itemLevelDisscountTests.PercentageDiscountOnItemLevelTest" tests="2" time="37.701" ignored="0" failures="0" timestamp="02 May 2017 05:04:35 GMT" skipped="0" hostname="User-PC" errors="0">
  <testcase name="createPromotion" time="24.950" classname="webTests.promotionCreationTests.itemLevelDisscountTests.PercentageDiscountOnItemLevelTest"/>
  <testcase name="dealCreationForItemLevelDiscount" time="12.751" classname="webTests.promotionCreationTests.itemLevelDisscountTests.PercentageDiscountOnItemLevelTest"/>
</testsuite> <!-- webTests.promotionCreationTests.itemLevelDisscountTests.PercentageDiscountOnItemLevelTest -->
