<?xml version="1.0" encoding="UTF-8"?>
<!-- Generated by org.testng.reporters.JUnitReportReporter -->
<testsuite name="webTests.promotionCreationTests.itemLevelDisscountTests.Buy3Get50PercentOffTest" tests="2" time="46.565" ignored="0" failures="0" timestamp="02 May 2017 09:17:32 GMT" skipped="0" hostname="User-PC" errors="0">
  <testcase name="createPromotion" time="30.174" classname="webTests.promotionCreationTests.itemLevelDisscountTests.Buy3Get50PercentOffTest"/>
  <testcase name="dealCreationForItemLevelDiscount" time="16.391" classname="webTests.promotionCreationTests.itemLevelDisscountTests.Buy3Get50PercentOffTest"/>
</testsuite> <!-- webTests.promotionCreationTests.itemLevelDisscountTests.Buy3Get50PercentOffTest -->
