<?xml version="1.0" encoding="UTF-8"?>
<!-- Generated by org.testng.reporters.JUnitReportReporter -->
<testsuite name="webTests.promotionCreationTests.itemLevelDisscountTests.Buy2Get500FlatDiscountTest" tests="2" time="40.967" ignored="0" failures="0" timestamp="02 May 2017 09:13:56 GMT" skipped="0" hostname="User-PC" errors="0">
  <testcase name="createPromotion" time="28.346" classname="webTests.promotionCreationTests.itemLevelDisscountTests.Buy2Get500FlatDiscountTest"/>
  <testcase name="dealCreationForItemLevelDiscount" time="12.621" classname="webTests.promotionCreationTests.itemLevelDisscountTests.Buy2Get500FlatDiscountTest"/>
</testsuite> <!-- webTests.promotionCreationTests.itemLevelDisscountTests.Buy2Get500FlatDiscountTest -->
