<?xml version="1.0" encoding="UTF-8"?>
<!-- Generated by org.testng.reporters.JUnitReportReporter -->
<testsuite name="webTests.promotionCreationTests.transactionLevelDisscountTests.FlatAmountDiscountOnTransactionTests" tests="2" time="42.916" ignored="0" failures="0" timestamp="02 May 2017 10:00:54 GMT" skipped="0" hostname="User-PC" errors="0">
  <testcase name="dealCreationForTransactionLevelDiscount" time="13.789" classname="webTests.promotionCreationTests.transactionLevelDisscountTests.FlatAmountDiscountOnTransactionTests"/>
  <testcase name="createPromotionForTransactionLevel" time="29.127" classname="webTests.promotionCreationTests.transactionLevelDisscountTests.FlatAmountDiscountOnTransactionTests"/>
</testsuite> <!-- webTests.promotionCreationTests.transactionLevelDisscountTests.FlatAmountDiscountOnTransactionTests -->
