<?xml version="1.0" encoding="UTF-8"?>
<!-- Generated by org.testng.reporters.JUnitReportReporter -->
<testsuite name="webTests.promotionCreationTests.itemLevelDisscountTests.ItemLevelDiscountBuy1Get2Test" tests="2" time="44.662" ignored="0" failures="0" timestamp="02 May 2017 07:22:37 GMT" skipped="0" hostname="User-PC" errors="0">
  <testcase name="dealCreationForItemLevelDiscount" time="16.350" classname="webTests.promotionCreationTests.itemLevelDisscountTests.ItemLevelDiscountBuy1Get2Test"/>
  <testcase name="createPromotion" time="28.312" classname="webTests.promotionCreationTests.itemLevelDisscountTests.ItemLevelDiscountBuy1Get2Test"/>
</testsuite> <!-- webTests.promotionCreationTests.itemLevelDisscountTests.ItemLevelDiscountBuy1Get2Test -->
