<?xml version="1.0" encoding="UTF-8"?>
<!-- Generated by org.testng.reporters.JUnitReportReporter -->
<testsuite name="webTests.promotionCreationTests.itemLevelDisscountTests.ItemLevelDiscountBuy1Get1Test" tests="2" time="45.178" ignored="0" failures="0" timestamp="02 May 2017 05:57:13 GMT" skipped="0" hostname="User-PC" errors="0">
  <testcase name="createPromotion" time="29.742" classname="webTests.promotionCreationTests.itemLevelDisscountTests.ItemLevelDiscountBuy1Get1Test"/>
  <testcase name="dealCreationForItemLevelDiscount" time="15.436" classname="webTests.promotionCreationTests.itemLevelDisscountTests.ItemLevelDiscountBuy1Get1Test"/>
</testsuite> <!-- webTests.promotionCreationTests.itemLevelDisscountTests.ItemLevelDiscountBuy1Get1Test -->
