<?xml version="1.0" encoding="UTF-8"?>
<!-- Generated by org.testng.reporters.JUnitReportReporter -->
<testsuite name="webTests.promotionCreationTests.buyXGetXDealTests.BuyXGetXDealWithTimePeriodTests" tests="2" time="54.667" ignored="0" failures="0" timestamp="02 May 2017 13:23:50 GMT" skipped="0" hostname="User-PC" errors="0">
  <testcase name="createPromotionForTransactionLevel" time="34.291" classname="webTests.promotionCreationTests.buyXGetXDealTests.BuyXGetXDealWithTimePeriodTests"/>
  <testcase name="dealCreationForTransactionLevelDiscount" time="20.376" classname="webTests.promotionCreationTests.buyXGetXDealTests.BuyXGetXDealWithTimePeriodTests"/>
</testsuite> <!-- webTests.promotionCreationTests.buyXGetXDealTests.BuyXGetXDealWithTimePeriodTests -->
