<?xml version="1.0" encoding="UTF-8"?>
<!-- Generated by org.testng.reporters.JUnitReportReporter -->
<testsuite name="webTests.promotionCreationTests.itemLevelDisscountTests.ItemLevelFlatDiscountOnAllLocationTest" tests="2" time="35.345" ignored="0" failures="0" timestamp="28 Apr 2017 12:19:20 GMT" skipped="0" hostname="User-PC" errors="0">
  <testcase name="dealCreationForItemLevelDiscount" time="11.651" classname="webTests.promotionCreationTests.itemLevelDisscountTests.ItemLevelFlatDiscountOnAllLocationTest"/>
  <testcase name="createPromotion" time="23.694" classname="webTests.promotionCreationTests.itemLevelDisscountTests.ItemLevelFlatDiscountOnAllLocationTest"/>
</testsuite> <!-- webTests.promotionCreationTests.itemLevelDisscountTests.ItemLevelFlatDiscountOnAllLocationTest -->
