<?xml version="1.0" encoding="UTF-8"?>
<!-- Generated by org.testng.reporters.JUnitReportReporter -->
<testsuite name="webTests.promotionCreationTests.itemLevelDisscountTests.ITemLevelDiscountForSpecificProductWithItemIdTests" tests="1" time="29.326" ignored="0" failures="0" timestamp="26 Apr 2017 05:47:56 GMT" skipped="0" hostname="User-PC" errors="0">
  <testcase name="createpromotion" time="29.326" classname="webTests.promotionCreationTests.itemLevelDisscountTests.ITemLevelDiscountForSpecificProductWithItemIdTests"/>
</testsuite> <!-- webTests.promotionCreationTests.itemLevelDisscountTests.ITemLevelDiscountForSpecificProductWithItemIdTests -->
