<?xml version="1.0" encoding="UTF-8"?>
<!-- Generated by org.testng.reporters.JUnitReportReporter -->
<testsuite name="webTests.promotionCreationTests.kitBasedDiscountTests.KitBasedDiscountTimePeriodTests" tests="2" time="48.313" ignored="0" failures="0" timestamp="02 May 2017 12:40:07 GMT" skipped="0" hostname="User-PC" errors="0">
  <testcase name="createPromotionForTransactionLevel" time="28.596" classname="webTests.promotionCreationTests.kitBasedDiscountTests.KitBasedDiscountTimePeriodTests"/>
  <testcase name="dealCreationForTransactionLevelDiscount" time="19.717" classname="webTests.promotionCreationTests.kitBasedDiscountTests.KitBasedDiscountTimePeriodTests"/>
</testsuite> <!-- webTests.promotionCreationTests.kitBasedDiscountTests.KitBasedDiscountTimePeriodTests -->
